#! /ucrt64/bin/vvp
:ivl_version "13.0 (stable)" "(v13_0)";
:ivl_delay_selection "TYPICAL";
:vpi_time_precision + 0;
:vpi_module "D:\msys64\ucrt64\lib\ivl\system.vpi";
:vpi_module "D:\msys64\ucrt64\lib\ivl\vhdl_sys.vpi";
:vpi_module "D:\msys64\ucrt64\lib\ivl\vhdl_textio.vpi";
:vpi_module "D:\msys64\ucrt64\lib\ivl\v2005_math.vpi";
:vpi_module "D:\msys64\ucrt64\lib\ivl\va_math.vpi";
:vpi_module "D:\msys64\ucrt64\lib\ivl\v2009.vpi";
S_00000232c95f6ed0 .scope package, "$unit" "$unit" 2 1;
 .timescale 0 0;
S_00000232c95f7060 .scope module, "and_gate_tb" "and_gate_tb" 3 1;
 .timescale 0 0;
v00000232c95bd8f0_0 .var "a", 0 0;
v00000232c95bd990_0 .var "b", 0 0;
v00000232c95bda30_0 .net "y", 0 0, L_00000232c95f9b80;  1 drivers
S_00000232c95bd6c0 .scope module, "dut" "and_gate" 3 7, 4 1 0, S_00000232c95f7060;
 .timescale 0 0;
    .port_info 0 /INPUT 1 "a";
    .port_info 1 /INPUT 1 "b";
    .port_info 2 /OUTPUT 1 "y";
L_00000232c95f9b80 .functor AND 1, v00000232c95bd8f0_0, v00000232c95bd990_0, C4<1>, C4<1>;
v00000232c95e27a0_0 .net "a", 0 0, v00000232c95bd8f0_0;  1 drivers
v00000232c95e2840_0 .net "b", 0 0, v00000232c95bd990_0;  1 drivers
v00000232c95bd850_0 .net "y", 0 0, L_00000232c95f9b80;  alias, 1 drivers
    .scope S_00000232c95f7060;
T_0 ;
    %vpi_call/w 3 15 "$dumpfile", "dump.vcd" {0 0 0};
    %vpi_call/w 3 16 "$dumpvars", 32'sb00000000000000000000000000000000, S_00000232c95f7060 {0 0 0};
    %pushi/vec4 0, 0, 1;
    %store/vec4 v00000232c95bd8f0_0, 0, 1;
    %pushi/vec4 0, 0, 1;
    %store/vec4 v00000232c95bd990_0, 0, 1;
    %delay 10, 0;
    %pushi/vec4 0, 0, 1;
    %store/vec4 v00000232c95bd8f0_0, 0, 1;
    %pushi/vec4 1, 0, 1;
    %store/vec4 v00000232c95bd990_0, 0, 1;
    %delay 10, 0;
    %pushi/vec4 1, 0, 1;
    %store/vec4 v00000232c95bd8f0_0, 0, 1;
    %pushi/vec4 0, 0, 1;
    %store/vec4 v00000232c95bd990_0, 0, 1;
    %delay 10, 0;
    %pushi/vec4 1, 0, 1;
    %store/vec4 v00000232c95bd8f0_0, 0, 1;
    %pushi/vec4 1, 0, 1;
    %store/vec4 v00000232c95bd990_0, 0, 1;
    %delay 10, 0;
    %vpi_call/w 3 30 "$finish" {0 0 0};
    %end;
    .thread T_0;
# The file index is used to find the file name in the following table.
:file_names 5;
    "N/A";
    "<interactive>";
    "-";
    "and_gate_tb.sv";
    "and_gate.sv";
